{"/Users/Reggie/Documents/github/Pokemate/queryResults/ExpectedResults.js": {"path":"/Users/Reggie/Documents/github/Pokemate/queryResults/ExpectedResults.js","statementMap":{"0":{"start":{"line":1,"column":16},"end":{"line":4394,"column":1}}},"fnMap":{},"branchMap":{},"s":{"0":2},"f":{},"b":{},"_coverageSchema":"43e27e138ebf9cfc5966b082cf9a028302ed4184","hash":"3751429f7df29d2d60b17c362e2454e567c9cf64"}
,"/Users/Reggie/Documents/github/Pokemate/src/components/EvolutionChain.js": {"path":"/Users/Reggie/Documents/github/Pokemate/src/components/EvolutionChain.js","statementMap":{"0":{"start":{"line":29,"column":8},"end":{"line":29,"column":21}},"1":{"start":{"line":30,"column":8},"end":{"line":36,"column":9}},"2":{"start":{"line":40,"column":8},"end":{"line":42,"column":9}},"3":{"start":{"line":46,"column":29},"end":{"line":46,"column":77}},"4":{"start":{"line":47,"column":8},"end":{"line":49,"column":11}},"5":{"start":{"line":53,"column":8},"end":{"line":53,"column":61}},"6":{"start":{"line":67,"column":8},"end":{"line":73,"column":9}},"7":{"start":{"line":68,"column":33},"end":{"line":68,"column":86}},"8":{"start":{"line":69,"column":12},"end":{"line":69,"column":34}},"9":{"start":{"line":71,"column":12},"end":{"line":71,"column":22}},"10":{"start":{"line":77,"column":8},"end":{"line":92,"column":9}},"11":{"start":{"line":78,"column":33},"end":{"line":78,"column":35}},"12":{"start":{"line":79,"column":34},"end":{"line":79,"column":123}},"13":{"start":{"line":80,"column":12},"end":{"line":80,"column":49}},"14":{"start":{"line":81,"column":12},"end":{"line":89,"column":13}},"15":{"start":{"line":82,"column":16},"end":{"line":82,"column":38}},"16":{"start":{"line":84,"column":16},"end":{"line":87,"column":17}},"17":{"start":{"line":85,"column":42},"end":{"line":85,"column":100}},"18":{"start":{"line":86,"column":20},"end":{"line":86,"column":61}},"19":{"start":{"line":88,"column":16},"end":{"line":88,"column":38}},"20":{"start":{"line":91,"column":12},"end":{"line":91,"column":22}},"21":{"start":{"line":98,"column":19},"end":{"line":98,"column":48}},"22":{"start":{"line":99,"column":36},"end":{"line":99,"column":38}},"23":{"start":{"line":100,"column":8},"end":{"line":109,"column":9}},"24":{"start":{"line":101,"column":12},"end":{"line":108,"column":13}},"25":{"start":{"line":102,"column":16},"end":{"line":102,"column":45}},"26":{"start":{"line":103,"column":19},"end":{"line":108,"column":13}},"27":{"start":{"line":104,"column":16},"end":{"line":107,"column":19}},"28":{"start":{"line":110,"column":8},"end":{"line":110,"column":20}},"29":{"start":{"line":114,"column":21},"end":{"line":114,"column":71}},"30":{"start":{"line":115,"column":8},"end":{"line":133,"column":9}},"31":{"start":{"line":116,"column":12},"end":{"line":122,"column":15}},"32":{"start":{"line":124,"column":26},"end":{"line":124,"column":58}},"33":{"start":{"line":125,"column":37},"end":{"line":125,"column":94}},"34":{"start":{"line":126,"column":12},"end":{"line":132,"column":15}},"35":{"start":{"line":154,"column":25},"end":{"line":154,"column":60}},"36":{"start":{"line":155,"column":8},"end":{"line":182,"column":9}},"37":{"start":{"line":156,"column":12},"end":{"line":163,"column":14}},"38":{"start":{"line":158,"column":53},"end":{"line":158,"column":94}},"39":{"start":{"line":165,"column":26},"end":{"line":165,"column":61}},"40":{"start":{"line":166,"column":30},"end":{"line":166,"column":79}},"41":{"start":{"line":167,"column":12},"end":{"line":181,"column":13}},"42":{"start":{"line":175,"column":57},"end":{"line":175,"column":98}},"43":{"start":{"line":186,"column":8},"end":{"line":186,"column":59}},"44":{"start":{"line":190,"column":16},"end":{"line":190,"column":36}},"45":{"start":{"line":191,"column":8},"end":{"line":202,"column":9}},"46":{"start":{"line":192,"column":28},"end":{"line":192,"column":95}},"47":{"start":{"line":194,"column":12},"end":{"line":198,"column":13}},"48":{"start":{"line":195,"column":16},"end":{"line":195,"column":89}},"49":{"start":{"line":197,"column":16},"end":{"line":197,"column":49}},"50":{"start":{"line":199,"column":12},"end":{"line":199,"column":44}},"51":{"start":{"line":201,"column":12},"end":{"line":201,"column":69}},"52":{"start":{"line":206,"column":8},"end":{"line":214,"column":9}},"53":{"start":{"line":207,"column":12},"end":{"line":207,"column":22}},"54":{"start":{"line":209,"column":31},"end":{"line":212,"column":14}},"55":{"start":{"line":210,"column":16},"end":{"line":211,"column":81}},"56":{"start":{"line":213,"column":12},"end":{"line":213,"column":43}},"57":{"start":{"line":219,"column":8},"end":{"line":223,"column":9}},"58":{"start":{"line":220,"column":12},"end":{"line":220,"column":71}},"59":{"start":{"line":222,"column":12},"end":{"line":222,"column":57}},"60":{"start":{"line":227,"column":8},"end":{"line":231,"column":9}},"61":{"start":{"line":227,"column":53},"end":{"line":227,"column":62}},"62":{"start":{"line":229,"column":12},"end":{"line":229,"column":77}},"63":{"start":{"line":230,"column":12},"end":{"line":230,"column":68}},"64":{"start":{"line":235,"column":31},"end":{"line":237,"column":10}},"65":{"start":{"line":236,"column":12},"end":{"line":236,"column":41}},"66":{"start":{"line":238,"column":8},"end":{"line":250,"column":9}},"67":{"start":{"line":239,"column":12},"end":{"line":241,"column":14}},"68":{"start":{"line":243,"column":12},"end":{"line":249,"column":13}},"69":{"start":{"line":246,"column":24},"end":{"line":246,"column":56}},"70":{"start":{"line":254,"column":8},"end":{"line":263,"column":9}},"71":{"start":{"line":255,"column":12},"end":{"line":262,"column":13}},"72":{"start":{"line":264,"column":22},"end":{"line":264,"column":24}},"73":{"start":{"line":265,"column":8},"end":{"line":269,"column":11}},"74":{"start":{"line":266,"column":12},"end":{"line":268,"column":13}},"75":{"start":{"line":267,"column":16},"end":{"line":267,"column":40}},"76":{"start":{"line":270,"column":8},"end":{"line":282,"column":10}},"77":{"start":{"line":286,"column":40},"end":{"line":303,"column":1}}},"fnMap":{"0":{"name":"(anonymous_0)","decl":{"start":{"line":28,"column":4},"end":{"line":28,"column":5}},"loc":{"start":{"line":28,"column":23},"end":{"line":37,"column":5}},"line":28},"1":{"name":"(anonymous_1)","decl":{"start":{"line":39,"column":4},"end":{"line":39,"column":5}},"loc":{"start":{"line":39,"column":13},"end":{"line":43,"column":5}},"line":39},"2":{"name":"(anonymous_2)","decl":{"start":{"line":45,"column":4},"end":{"line":45,"column":5}},"loc":{"start":{"line":45,"column":36},"end":{"line":50,"column":5}},"line":45},"3":{"name":"(anonymous_3)","decl":{"start":{"line":52,"column":4},"end":{"line":52,"column":5}},"loc":{"start":{"line":52,"column":38},"end":{"line":54,"column":5}},"line":52},"4":{"name":"(anonymous_4)","decl":{"start":{"line":66,"column":4},"end":{"line":66,"column":5}},"loc":{"start":{"line":66,"column":46},"end":{"line":74,"column":5}},"line":66},"5":{"name":"(anonymous_5)","decl":{"start":{"line":76,"column":4},"end":{"line":76,"column":5}},"loc":{"start":{"line":76,"column":53},"end":{"line":93,"column":5}},"line":76},"6":{"name":"(anonymous_6)","decl":{"start":{"line":97,"column":4},"end":{"line":97,"column":5}},"loc":{"start":{"line":97,"column":54},"end":{"line":111,"column":5}},"line":97},"7":{"name":"(anonymous_7)","decl":{"start":{"line":113,"column":4},"end":{"line":113,"column":5}},"loc":{"start":{"line":113,"column":63},"end":{"line":134,"column":5}},"line":113},"8":{"name":"(anonymous_8)","decl":{"start":{"line":153,"column":4},"end":{"line":153,"column":5}},"loc":{"start":{"line":153,"column":26},"end":{"line":183,"column":5}},"line":153},"9":{"name":"(anonymous_9)","decl":{"start":{"line":158,"column":47},"end":{"line":158,"column":48}},"loc":{"start":{"line":158,"column":53},"end":{"line":158,"column":94}},"line":158},"10":{"name":"(anonymous_10)","decl":{"start":{"line":175,"column":51},"end":{"line":175,"column":52}},"loc":{"start":{"line":175,"column":57},"end":{"line":175,"column":98}},"line":175},"11":{"name":"(anonymous_11)","decl":{"start":{"line":185,"column":4},"end":{"line":185,"column":5}},"loc":{"start":{"line":185,"column":28},"end":{"line":187,"column":5}},"line":185},"12":{"name":"(anonymous_12)","decl":{"start":{"line":189,"column":4},"end":{"line":189,"column":5}},"loc":{"start":{"line":189,"column":28},"end":{"line":203,"column":5}},"line":189},"13":{"name":"(anonymous_13)","decl":{"start":{"line":205,"column":4},"end":{"line":205,"column":5}},"loc":{"start":{"line":205,"column":42},"end":{"line":216,"column":5}},"line":205},"14":{"name":"(anonymous_14)","decl":{"start":{"line":209,"column":54},"end":{"line":209,"column":55}},"loc":{"start":{"line":209,"column":65},"end":{"line":212,"column":13}},"line":209},"15":{"name":"(anonymous_15)","decl":{"start":{"line":218,"column":4},"end":{"line":218,"column":5}},"loc":{"start":{"line":218,"column":50},"end":{"line":224,"column":5}},"line":218},"16":{"name":"(anonymous_16)","decl":{"start":{"line":226,"column":4},"end":{"line":226,"column":5}},"loc":{"start":{"line":226,"column":72},"end":{"line":232,"column":5}},"line":226},"17":{"name":"(anonymous_17)","decl":{"start":{"line":234,"column":4},"end":{"line":234,"column":5}},"loc":{"start":{"line":234,"column":56},"end":{"line":251,"column":5}},"line":234},"18":{"name":"(anonymous_18)","decl":{"start":{"line":235,"column":53},"end":{"line":235,"column":54}},"loc":{"start":{"line":235,"column":64},"end":{"line":237,"column":9}},"line":235},"19":{"name":"(anonymous_19)","decl":{"start":{"line":245,"column":42},"end":{"line":245,"column":43}},"loc":{"start":{"line":245,"column":53},"end":{"line":247,"column":21}},"line":245},"20":{"name":"(anonymous_20)","decl":{"start":{"line":253,"column":4},"end":{"line":253,"column":5}},"loc":{"start":{"line":253,"column":42},"end":{"line":283,"column":5}},"line":253},"21":{"name":"(anonymous_21)","decl":{"start":{"line":265,"column":31},"end":{"line":265,"column":32}},"loc":{"start":{"line":265,"column":42},"end":{"line":269,"column":9}},"line":265}},"branchMap":{"0":{"loc":{"start":{"line":34,"column":31},"end":{"line":35,"column":77}},"type":"cond-expr","locations":[{"start":{"line":35,"column":16},"end":{"line":35,"column":44}},{"start":{"line":35,"column":47},"end":{"line":35,"column":77}}],"line":34},"1":{"loc":{"start":{"line":81,"column":12},"end":{"line":89,"column":13}},"type":"if","locations":[{"start":{"line":81,"column":12},"end":{"line":89,"column":13}},{"start":{"line":81,"column":12},"end":{"line":89,"column":13}}],"line":81},"2":{"loc":{"start":{"line":101,"column":12},"end":{"line":108,"column":13}},"type":"if","locations":[{"start":{"line":101,"column":12},"end":{"line":108,"column":13}},{"start":{"line":101,"column":12},"end":{"line":108,"column":13}}],"line":101},"3":{"loc":{"start":{"line":103,"column":19},"end":{"line":108,"column":13}},"type":"if","locations":[{"start":{"line":103,"column":19},"end":{"line":108,"column":13}},{"start":{"line":103,"column":19},"end":{"line":108,"column":13}}],"line":103},"4":{"loc":{"start":{"line":103,"column":23},"end":{"line":103,"column":120}},"type":"binary-expr","locations":[{"start":{"line":103,"column":23},"end":{"line":103,"column":53}},{"start":{"line":103,"column":57},"end":{"line":103,"column":88}},{"start":{"line":103,"column":92},"end":{"line":103,"column":120}}],"line":103},"5":{"loc":{"start":{"line":106,"column":33},"end":{"line":106,"column":129}},"type":"cond-expr","locations":[{"start":{"line":106,"column":79},"end":{"line":106,"column":100}},{"start":{"line":106,"column":103},"end":{"line":106,"column":129}}],"line":106},"6":{"loc":{"start":{"line":115,"column":8},"end":{"line":133,"column":9}},"type":"if","locations":[{"start":{"line":115,"column":8},"end":{"line":133,"column":9}},{"start":{"line":115,"column":8},"end":{"line":133,"column":9}}],"line":115},"7":{"loc":{"start":{"line":155,"column":8},"end":{"line":182,"column":9}},"type":"if","locations":[{"start":{"line":155,"column":8},"end":{"line":182,"column":9}},{"start":{"line":155,"column":8},"end":{"line":182,"column":9}}],"line":155},"8":{"loc":{"start":{"line":191,"column":8},"end":{"line":202,"column":9}},"type":"if","locations":[{"start":{"line":191,"column":8},"end":{"line":202,"column":9}},{"start":{"line":191,"column":8},"end":{"line":202,"column":9}}],"line":191},"9":{"loc":{"start":{"line":194,"column":12},"end":{"line":198,"column":13}},"type":"if","locations":[{"start":{"line":194,"column":12},"end":{"line":198,"column":13}},{"start":{"line":194,"column":12},"end":{"line":198,"column":13}}],"line":194},"10":{"loc":{"start":{"line":206,"column":8},"end":{"line":214,"column":9}},"type":"if","locations":[{"start":{"line":206,"column":8},"end":{"line":214,"column":9}},{"start":{"line":206,"column":8},"end":{"line":214,"column":9}}],"line":206},"11":{"loc":{"start":{"line":219,"column":8},"end":{"line":223,"column":9}},"type":"if","locations":[{"start":{"line":219,"column":8},"end":{"line":223,"column":9}},{"start":{"line":219,"column":8},"end":{"line":223,"column":9}}],"line":219},"12":{"loc":{"start":{"line":227,"column":8},"end":{"line":231,"column":9}},"type":"if","locations":[{"start":{"line":227,"column":8},"end":{"line":231,"column":9}},{"start":{"line":227,"column":8},"end":{"line":231,"column":9}}],"line":227},"13":{"loc":{"start":{"line":238,"column":8},"end":{"line":250,"column":9}},"type":"if","locations":[{"start":{"line":238,"column":8},"end":{"line":250,"column":9}},{"start":{"line":238,"column":8},"end":{"line":250,"column":9}}],"line":238},"14":{"loc":{"start":{"line":254,"column":8},"end":{"line":263,"column":9}},"type":"if","locations":[{"start":{"line":254,"column":8},"end":{"line":263,"column":9}},{"start":{"line":254,"column":8},"end":{"line":263,"column":9}}],"line":254},"15":{"loc":{"start":{"line":266,"column":12},"end":{"line":268,"column":13}},"type":"if","locations":[{"start":{"line":266,"column":12},"end":{"line":268,"column":13}},{"start":{"line":266,"column":12},"end":{"line":268,"column":13}}],"line":266}},"s":{"0":2,"1":2,"2":0,"3":0,"4":0,"5":0,"6":2,"7":2,"8":1,"9":0,"10":7,"11":7,"12":7,"13":6,"14":6,"15":2,"16":4,"17":5,"18":3,"19":2,"20":0,"21":4,"22":4,"23":4,"24":68,"25":4,"26":64,"27":4,"28":0,"29":7,"30":6,"31":2,"32":4,"33":4,"34":4,"35":0,"36":0,"37":0,"38":0,"39":0,"40":0,"41":0,"42":0,"43":0,"44":0,"45":0,"46":0,"47":0,"48":0,"49":0,"50":0,"51":0,"52":0,"53":0,"54":0,"55":0,"56":0,"57":0,"58":0,"59":0,"60":0,"61":0,"62":0,"63":0,"64":0,"65":0,"66":0,"67":0,"68":0,"69":0,"70":0,"71":0,"72":0,"73":0,"74":0,"75":0,"76":0,"77":1},"f":{"0":2,"1":0,"2":0,"3":0,"4":2,"5":7,"6":4,"7":7,"8":0,"9":0,"10":0,"11":0,"12":0,"13":0,"14":0,"15":0,"16":0,"17":0,"18":0,"19":0,"20":0,"21":0},"b":{"0":[0,2],"1":[2,4],"2":[4,64],"3":[4,60],"4":[64,12,8],"5":[3,1],"6":[2,4],"7":[0,0],"8":[0,0],"9":[0,0],"10":[0,0],"11":[0,0],"12":[0,0],"13":[0,0],"14":[0,0],"15":[0,0]},"_coverageSchema":"43e27e138ebf9cfc5966b082cf9a028302ed4184","hash":"dd403695dd23005da1ee5c8ff5c9d4afa4728b8e"}
,"/Users/Reggie/Documents/github/Pokemate/src/components/PokemonMainList.js": {"path":"/Users/Reggie/Documents/github/Pokemate/src/components/PokemonMainList.js","statementMap":{"0":{"start":{"line":20,"column":8},"end":{"line":20,"column":21}},"1":{"start":{"line":21,"column":8},"end":{"line":24,"column":9}},"2":{"start":{"line":35,"column":32},"end":{"line":35,"column":34}},"3":{"start":{"line":36,"column":8},"end":{"line":45,"column":9}},"4":{"start":{"line":37,"column":25},"end":{"line":37,"column":55}},"5":{"start":{"line":38,"column":12},"end":{"line":44,"column":13}},"6":{"start":{"line":39,"column":26},"end":{"line":39,"column":51}},"7":{"start":{"line":40,"column":16},"end":{"line":40,"column":31}},"8":{"start":{"line":41,"column":16},"end":{"line":41,"column":48}},"9":{"start":{"line":43,"column":16},"end":{"line":43,"column":51}},"10":{"start":{"line":46,"column":30},"end":{"line":46,"column":32}},"11":{"start":{"line":47,"column":22},"end":{"line":47,"column":52}},"12":{"start":{"line":48,"column":8},"end":{"line":54,"column":9}},"13":{"start":{"line":49,"column":22},"end":{"line":52,"column":13}},"14":{"start":{"line":53,"column":12},"end":{"line":53,"column":38}},"15":{"start":{"line":55,"column":8},"end":{"line":55,"column":74}},"16":{"start":{"line":59,"column":8},"end":{"line":69,"column":9}},"17":{"start":{"line":60,"column":12},"end":{"line":68,"column":15}},"18":{"start":{"line":61,"column":16},"end":{"line":67,"column":17}},"19":{"start":{"line":62,"column":20},"end":{"line":62,"column":29}},"20":{"start":{"line":63,"column":23},"end":{"line":67,"column":17}},"21":{"start":{"line":64,"column":20},"end":{"line":64,"column":30}},"22":{"start":{"line":66,"column":20},"end":{"line":66,"column":29}},"23":{"start":{"line":70,"column":8},"end":{"line":70,"column":24}},"24":{"start":{"line":74,"column":8},"end":{"line":82,"column":11}},"25":{"start":{"line":75,"column":12},"end":{"line":81,"column":13}},"26":{"start":{"line":76,"column":16},"end":{"line":76,"column":25}},"27":{"start":{"line":77,"column":19},"end":{"line":81,"column":13}},"28":{"start":{"line":78,"column":16},"end":{"line":78,"column":26}},"29":{"start":{"line":80,"column":16},"end":{"line":80,"column":25}},"30":{"start":{"line":86,"column":8},"end":{"line":100,"column":9}},"31":{"start":{"line":90,"column":53},"end":{"line":90,"column":74}},"32":{"start":{"line":91,"column":65},"end":{"line":91,"column":123}},"33":{"start":{"line":92,"column":60},"end":{"line":92,"column":65}},"34":{"start":{"line":94,"column":39},"end":{"line":94,"column":74}},"35":{"start":{"line":105,"column":26},"end":{"line":105,"column":73}},"36":{"start":{"line":106,"column":8},"end":{"line":106,"column":67}},"37":{"start":{"line":107,"column":8},"end":{"line":109,"column":11}},"38":{"start":{"line":117,"column":29},"end":{"line":117,"column":39}},"39":{"start":{"line":118,"column":8},"end":{"line":120,"column":11}},"40":{"start":{"line":124,"column":8},"end":{"line":130,"column":9}},"41":{"start":{"line":125,"column":45},"end":{"line":125,"column":67}}},"fnMap":{"0":{"name":"(anonymous_0)","decl":{"start":{"line":19,"column":4},"end":{"line":19,"column":5}},"loc":{"start":{"line":19,"column":23},"end":{"line":25,"column":5}},"line":19},"1":{"name":"(anonymous_1)","decl":{"start":{"line":34,"column":4},"end":{"line":34,"column":5}},"loc":{"start":{"line":34,"column":37},"end":{"line":56,"column":5}},"line":34},"2":{"name":"(anonymous_2)","decl":{"start":{"line":58,"column":4},"end":{"line":58,"column":5}},"loc":{"start":{"line":58,"column":27},"end":{"line":71,"column":5}},"line":58},"3":{"name":"(anonymous_3)","decl":{"start":{"line":60,"column":30},"end":{"line":60,"column":31}},"loc":{"start":{"line":60,"column":49},"end":{"line":68,"column":13}},"line":60},"4":{"name":"(anonymous_4)","decl":{"start":{"line":73,"column":4},"end":{"line":73,"column":5}},"loc":{"start":{"line":73,"column":28},"end":{"line":83,"column":5}},"line":73},"5":{"name":"(anonymous_5)","decl":{"start":{"line":74,"column":25},"end":{"line":74,"column":26}},"loc":{"start":{"line":74,"column":36},"end":{"line":82,"column":9}},"line":74},"6":{"name":"(anonymous_6)","decl":{"start":{"line":85,"column":4},"end":{"line":85,"column":5}},"loc":{"start":{"line":85,"column":13},"end":{"line":101,"column":5}},"line":85},"7":{"name":"(anonymous_7)","decl":{"start":{"line":90,"column":41},"end":{"line":90,"column":42}},"loc":{"start":{"line":90,"column":53},"end":{"line":90,"column":74}},"line":90},"8":{"name":"(anonymous_8)","decl":{"start":{"line":91,"column":50},"end":{"line":91,"column":51}},"loc":{"start":{"line":91,"column":65},"end":{"line":91,"column":123}},"line":91},"9":{"name":"(anonymous_9)","decl":{"start":{"line":92,"column":43},"end":{"line":92,"column":44}},"loc":{"start":{"line":92,"column":60},"end":{"line":92,"column":65}},"line":92},"10":{"name":"(anonymous_10)","decl":{"start":{"line":94,"column":33},"end":{"line":94,"column":34}},"loc":{"start":{"line":94,"column":39},"end":{"line":94,"column":74}},"line":94},"11":{"name":"(anonymous_11)","decl":{"start":{"line":104,"column":4},"end":{"line":104,"column":5}},"loc":{"start":{"line":104,"column":30},"end":{"line":110,"column":5}},"line":104},"12":{"name":"(anonymous_12)","decl":{"start":{"line":116,"column":5},"end":{"line":116,"column":6}},"loc":{"start":{"line":116,"column":26},"end":{"line":121,"column":5}},"line":116},"13":{"name":"(anonymous_13)","decl":{"start":{"line":123,"column":4},"end":{"line":123,"column":5}},"loc":{"start":{"line":123,"column":21},"end":{"line":131,"column":5}},"line":123},"14":{"name":"(anonymous_14)","decl":{"start":{"line":125,"column":39},"end":{"line":125,"column":40}},"loc":{"start":{"line":125,"column":45},"end":{"line":125,"column":67}},"line":125}},"branchMap":{"0":{"loc":{"start":{"line":38,"column":12},"end":{"line":44,"column":13}},"type":"if","locations":[{"start":{"line":38,"column":12},"end":{"line":44,"column":13}},{"start":{"line":38,"column":12},"end":{"line":44,"column":13}}],"line":38},"1":{"loc":{"start":{"line":61,"column":16},"end":{"line":67,"column":17}},"type":"if","locations":[{"start":{"line":61,"column":16},"end":{"line":67,"column":17}},{"start":{"line":61,"column":16},"end":{"line":67,"column":17}}],"line":61},"2":{"loc":{"start":{"line":63,"column":23},"end":{"line":67,"column":17}},"type":"if","locations":[{"start":{"line":63,"column":23},"end":{"line":67,"column":17}},{"start":{"line":63,"column":23},"end":{"line":67,"column":17}}],"line":63},"3":{"loc":{"start":{"line":75,"column":12},"end":{"line":81,"column":13}},"type":"if","locations":[{"start":{"line":75,"column":12},"end":{"line":81,"column":13}},{"start":{"line":75,"column":12},"end":{"line":81,"column":13}}],"line":75},"4":{"loc":{"start":{"line":77,"column":19},"end":{"line":81,"column":13}},"type":"if","locations":[{"start":{"line":77,"column":19},"end":{"line":81,"column":13}},{"start":{"line":77,"column":19},"end":{"line":81,"column":13}}],"line":77}},"s":{"0":1,"1":1,"2":0,"3":0,"4":0,"5":0,"6":0,"7":0,"8":0,"9":0,"10":0,"11":0,"12":0,"13":0,"14":0,"15":0,"16":0,"17":0,"18":0,"19":0,"20":0,"21":0,"22":0,"23":0,"24":0,"25":0,"26":0,"27":0,"28":0,"29":0,"30":1,"31":0,"32":0,"33":0,"34":0,"35":1,"36":0,"37":0,"38":0,"39":0,"40":0,"41":0},"f":{"0":1,"1":0,"2":0,"3":0,"4":0,"5":0,"6":1,"7":0,"8":0,"9":0,"10":0,"11":1,"12":0,"13":0,"14":0},"b":{"0":[0,0],"1":[0,0],"2":[0,0],"3":[0,0],"4":[0,0]},"_coverageSchema":"43e27e138ebf9cfc5966b082cf9a028302ed4184","hash":"fbfbe067e50b7d0c807a20c238be4385cb86f387"}
,"/Users/Reggie/Documents/github/Pokemate/src/components/TouchableAspect.js": {"path":"/Users/Reggie/Documents/github/Pokemate/src/components/TouchableAspect.js","statementMap":{"0":{"start":{"line":17,"column":8},"end":{"line":17,"column":21}},"1":{"start":{"line":18,"column":8},"end":{"line":21,"column":9}},"2":{"start":{"line":30,"column":8},"end":{"line":30,"column":40}},"3":{"start":{"line":37,"column":8},"end":{"line":37,"column":70}},"4":{"start":{"line":45,"column":8},"end":{"line":49,"column":9}},"5":{"start":{"line":46,"column":12},"end":{"line":46,"column":46}},"6":{"start":{"line":48,"column":12},"end":{"line":48,"column":32}},"7":{"start":{"line":57,"column":8},"end":{"line":61,"column":9}},"8":{"start":{"line":58,"column":12},"end":{"line":58,"column":30}},"9":{"start":{"line":60,"column":12},"end":{"line":60,"column":54}},"10":{"start":{"line":66,"column":8},"end":{"line":70,"column":9}},"11":{"start":{"line":68,"column":71},"end":{"line":68,"column":115}}},"fnMap":{"0":{"name":"(anonymous_0)","decl":{"start":{"line":16,"column":4},"end":{"line":16,"column":5}},"loc":{"start":{"line":16,"column":23},"end":{"line":22,"column":5}},"line":16},"1":{"name":"(anonymous_1)","decl":{"start":{"line":28,"column":4},"end":{"line":28,"column":5}},"loc":{"start":{"line":28,"column":19},"end":{"line":31,"column":5}},"line":28},"2":{"name":"(anonymous_2)","decl":{"start":{"line":36,"column":4},"end":{"line":36,"column":5}},"loc":{"start":{"line":36,"column":25},"end":{"line":38,"column":5}},"line":36},"3":{"name":"(anonymous_3)","decl":{"start":{"line":44,"column":4},"end":{"line":44,"column":5}},"loc":{"start":{"line":44,"column":20},"end":{"line":50,"column":5}},"line":44},"4":{"name":"(anonymous_4)","decl":{"start":{"line":56,"column":4},"end":{"line":56,"column":5}},"loc":{"start":{"line":56,"column":19},"end":{"line":62,"column":5}},"line":56},"5":{"name":"(anonymous_5)","decl":{"start":{"line":65,"column":4},"end":{"line":65,"column":5}},"loc":{"start":{"line":65,"column":13},"end":{"line":71,"column":5}},"line":65},"6":{"name":"(anonymous_6)","decl":{"start":{"line":68,"column":66},"end":{"line":68,"column":67}},"loc":{"start":{"line":68,"column":71},"end":{"line":68,"column":115}},"line":68}},"branchMap":{"0":{"loc":{"start":{"line":45,"column":8},"end":{"line":49,"column":9}},"type":"if","locations":[{"start":{"line":45,"column":8},"end":{"line":49,"column":9}},{"start":{"line":45,"column":8},"end":{"line":49,"column":9}}],"line":45},"1":{"loc":{"start":{"line":57,"column":8},"end":{"line":61,"column":9}},"type":"if","locations":[{"start":{"line":57,"column":8},"end":{"line":61,"column":9}},{"start":{"line":57,"column":8},"end":{"line":61,"column":9}}],"line":57}},"s":{"0":1,"1":1,"2":0,"3":0,"4":1,"5":1,"6":0,"7":1,"8":1,"9":0,"10":1,"11":0},"f":{"0":1,"1":0,"2":0,"3":1,"4":1,"5":1,"6":0},"b":{"0":[1,0],"1":[1,0]},"_coverageSchema":"43e27e138ebf9cfc5966b082cf9a028302ed4184","hash":"9a4d55811ac59244bb4ce2692136a3ee1efd9ac5"}
,"/Users/Reggie/Documents/github/Pokemate/src/library/styles.js": {"path":"/Users/Reggie/Documents/github/Pokemate/src/library/styles.js","statementMap":{"0":{"start":{"line":3,"column":15},"end":{"line":174,"column":2}},"1":{"start":{"line":176,"column":18},"end":{"line":196,"column":2}}},"fnMap":{},"branchMap":{},"s":{"0":3,"1":3},"f":{},"b":{},"_coverageSchema":"43e27e138ebf9cfc5966b082cf9a028302ed4184","hash":"d1e0b33429b4019253a47393f12de3e6eba83595"}
,"/Users/Reggie/Documents/github/Pokemate/src/library/networking/PokeDataManager.js": {"path":"/Users/Reggie/Documents/github/Pokemate/src/library/networking/PokeDataManager.js","statementMap":{"0":{"start":{"line":10,"column":8},"end":{"line":10,"column":49}},"1":{"start":{"line":11,"column":8},"end":{"line":11,"column":27}},"2":{"start":{"line":12,"column":8},"end":{"line":12,"column":40}},"3":{"start":{"line":22,"column":8},"end":{"line":24,"column":9}},"4":{"start":{"line":23,"column":12},"end":{"line":23,"column":50}},"5":{"start":{"line":34,"column":19},"end":{"line":34,"column":23}},"6":{"start":{"line":35,"column":8},"end":{"line":47,"column":11}},"7":{"start":{"line":36,"column":12},"end":{"line":46,"column":13}},"8":{"start":{"line":37,"column":16},"end":{"line":43,"column":17}},"9":{"start":{"line":38,"column":20},"end":{"line":38,"column":56}},"10":{"start":{"line":40,"column":34},"end":{"line":40,"column":83}},"11":{"start":{"line":41,"column":20},"end":{"line":41,"column":50}},"12":{"start":{"line":42,"column":20},"end":{"line":42,"column":44}},"13":{"start":{"line":45,"column":16},"end":{"line":45,"column":35}},"14":{"start":{"line":55,"column":20},"end":{"line":55,"column":24}},"15":{"start":{"line":56,"column":9},"end":{"line":63,"column":12}},"16":{"start":{"line":57,"column":13},"end":{"line":62,"column":14}},"17":{"start":{"line":58,"column":35},"end":{"line":58,"column":74}},"18":{"start":{"line":59,"column":17},"end":{"line":59,"column":45}},"19":{"start":{"line":61,"column":17},"end":{"line":61,"column":36}},"20":{"start":{"line":67,"column":19},"end":{"line":67,"column":23}},"21":{"start":{"line":68,"column":8},"end":{"line":79,"column":10}},"22":{"start":{"line":69,"column":12},"end":{"line":78,"column":13}},"23":{"start":{"line":70,"column":16},"end":{"line":72,"column":17}},"24":{"start":{"line":71,"column":20},"end":{"line":71,"column":63}},"25":{"start":{"line":73,"column":26},"end":{"line":73,"column":65}},"26":{"start":{"line":74,"column":16},"end":{"line":74,"column":36}},"27":{"start":{"line":77,"column":16},"end":{"line":77,"column":34}}},"fnMap":{"0":{"name":"(anonymous_0)","decl":{"start":{"line":9,"column":4},"end":{"line":9,"column":5}},"loc":{"start":{"line":9,"column":31},"end":{"line":13,"column":5}},"line":9},"1":{"name":"(anonymous_1)","decl":{"start":{"line":21,"column":4},"end":{"line":21,"column":5}},"loc":{"start":{"line":21,"column":31},"end":{"line":25,"column":5}},"line":21},"2":{"name":"(anonymous_2)","decl":{"start":{"line":33,"column":5},"end":{"line":33,"column":6}},"loc":{"start":{"line":33,"column":29},"end":{"line":48,"column":5}},"line":33},"3":{"name":"(anonymous_3)","decl":{"start":{"line":35,"column":28},"end":{"line":35,"column":29}},"loc":{"start":{"line":35,"column":60},"end":{"line":47,"column":9}},"line":35},"4":{"name":"(anonymous_4)","decl":{"start":{"line":54,"column":4},"end":{"line":54,"column":5}},"loc":{"start":{"line":54,"column":23},"end":{"line":64,"column":5}},"line":54},"5":{"name":"(anonymous_5)","decl":{"start":{"line":56,"column":28},"end":{"line":56,"column":29}},"loc":{"start":{"line":56,"column":61},"end":{"line":63,"column":10}},"line":56},"6":{"name":"(anonymous_6)","decl":{"start":{"line":66,"column":4},"end":{"line":66,"column":5}},"loc":{"start":{"line":66,"column":23},"end":{"line":80,"column":5}},"line":66},"7":{"name":"(anonymous_7)","decl":{"start":{"line":68,"column":27},"end":{"line":68,"column":28}},"loc":{"start":{"line":68,"column":60},"end":{"line":79,"column":9}},"line":68}},"branchMap":{"0":{"loc":{"start":{"line":22,"column":8},"end":{"line":24,"column":9}},"type":"if","locations":[{"start":{"line":22,"column":8},"end":{"line":24,"column":9}},{"start":{"line":22,"column":8},"end":{"line":24,"column":9}}],"line":22},"1":{"loc":{"start":{"line":37,"column":16},"end":{"line":43,"column":17}},"type":"if","locations":[{"start":{"line":37,"column":16},"end":{"line":43,"column":17}},{"start":{"line":37,"column":16},"end":{"line":43,"column":17}}],"line":37},"2":{"loc":{"start":{"line":70,"column":16},"end":{"line":72,"column":17}},"type":"if","locations":[{"start":{"line":70,"column":16},"end":{"line":72,"column":17}},{"start":{"line":70,"column":16},"end":{"line":72,"column":17}}],"line":70}},"s":{"0":3,"1":3,"2":3,"3":3,"4":0,"5":2,"6":2,"7":2,"8":2,"9":0,"10":2,"11":2,"12":2,"13":0,"14":1,"15":1,"16":1,"17":1,"18":0,"19":0,"20":7,"21":7,"22":7,"23":7,"24":2,"25":5,"26":4,"27":0},"f":{"0":3,"1":3,"2":2,"3":2,"4":1,"5":1,"6":7,"7":7},"b":{"0":[0,3],"1":[0,2],"2":[2,5]},"_coverageSchema":"43e27e138ebf9cfc5966b082cf9a028302ed4184","hash":"f6fec2d3a730dc12d1d87ceac69c443ba0b2af80"}
,"/Users/Reggie/Documents/github/Pokemate/src/library/networking/PokeDataProcessor.js": {"path":"/Users/Reggie/Documents/github/Pokemate/src/library/networking/PokeDataProcessor.js","statementMap":{"0":{"start":{"line":21,"column":8},"end":{"line":23,"column":11}},"1":{"start":{"line":32,"column":19},"end":{"line":32,"column":23}},"2":{"start":{"line":33,"column":8},"end":{"line":60,"column":11}},"3":{"start":{"line":34,"column":12},"end":{"line":59,"column":13}},"4":{"start":{"line":35,"column":34},"end":{"line":35,"column":82}},"5":{"start":{"line":36,"column":37},"end":{"line":36,"column":73}},"6":{"start":{"line":37,"column":41},"end":{"line":37,"column":92}},"7":{"start":{"line":38,"column":34},"end":{"line":38,"column":67}},"8":{"start":{"line":39,"column":25},"end":{"line":39,"column":56}},"9":{"start":{"line":40,"column":29},"end":{"line":40,"column":64}},"10":{"start":{"line":41,"column":28},"end":{"line":41,"column":62}},"11":{"start":{"line":42,"column":38},"end":{"line":42,"column":75}},"12":{"start":{"line":43,"column":37},"end":{"line":43,"column":79}},"13":{"start":{"line":44,"column":32},"end":{"line":44,"column":73}},"14":{"start":{"line":46,"column":16},"end":{"line":56,"column":19}},"15":{"start":{"line":58,"column":16},"end":{"line":58,"column":35}},"16":{"start":{"line":69,"column":19},"end":{"line":69,"column":23}},"17":{"start":{"line":70,"column":8},"end":{"line":81,"column":11}},"18":{"start":{"line":71,"column":12},"end":{"line":80,"column":13}},"19":{"start":{"line":72,"column":31},"end":{"line":72,"column":33}},"20":{"start":{"line":73,"column":34},"end":{"line":73,"column":76}},"21":{"start":{"line":74,"column":16},"end":{"line":76,"column":19}},"22":{"start":{"line":75,"column":20},"end":{"line":75,"column":46}},"23":{"start":{"line":77,"column":16},"end":{"line":77,"column":41}},"24":{"start":{"line":79,"column":16},"end":{"line":79,"column":35}},"25":{"start":{"line":89,"column":8},"end":{"line":89,"column":25}},"26":{"start":{"line":96,"column":8},"end":{"line":96,"column":23}},"27":{"start":{"line":103,"column":20},"end":{"line":103,"column":22}},"28":{"start":{"line":104,"column":8},"end":{"line":106,"column":9}},"29":{"start":{"line":105,"column":12},"end":{"line":105,"column":39}},"30":{"start":{"line":107,"column":8},"end":{"line":107,"column":21}},"31":{"start":{"line":116,"column":8},"end":{"line":116,"column":42}},"32":{"start":{"line":125,"column":30},"end":{"line":129,"column":9}},"33":{"start":{"line":130,"column":24},"end":{"line":130,"column":26}},"34":{"start":{"line":131,"column":25},"end":{"line":131,"column":27}},"35":{"start":{"line":132,"column":23},"end":{"line":132,"column":25}},"36":{"start":{"line":133,"column":8},"end":{"line":144,"column":9}},"37":{"start":{"line":134,"column":27},"end":{"line":134,"column":65}},"38":{"start":{"line":135,"column":12},"end":{"line":137,"column":15}},"39":{"start":{"line":136,"column":16},"end":{"line":136,"column":44}},"40":{"start":{"line":138,"column":12},"end":{"line":140,"column":15}},"41":{"start":{"line":139,"column":16},"end":{"line":139,"column":43}},"42":{"start":{"line":141,"column":12},"end":{"line":143,"column":15}},"43":{"start":{"line":142,"column":16},"end":{"line":142,"column":42}},"44":{"start":{"line":145,"column":8},"end":{"line":150,"column":11}},"45":{"start":{"line":146,"column":12},"end":{"line":149,"column":13}},"46":{"start":{"line":148,"column":16},"end":{"line":148,"column":54}},"47":{"start":{"line":151,"column":8},"end":{"line":156,"column":11}},"48":{"start":{"line":152,"column":12},"end":{"line":155,"column":13}},"49":{"start":{"line":154,"column":16},"end":{"line":154,"column":55}},"50":{"start":{"line":157,"column":8},"end":{"line":162,"column":11}},"51":{"start":{"line":158,"column":12},"end":{"line":161,"column":13}},"52":{"start":{"line":160,"column":16},"end":{"line":160,"column":53}},"53":{"start":{"line":163,"column":8},"end":{"line":163,"column":31}},"54":{"start":{"line":170,"column":24},"end":{"line":170,"column":26}},"55":{"start":{"line":171,"column":8},"end":{"line":175,"column":9}},"56":{"start":{"line":172,"column":12},"end":{"line":174,"column":13}},"57":{"start":{"line":173,"column":16},"end":{"line":173,"column":53}},"58":{"start":{"line":176,"column":8},"end":{"line":176,"column":25}},"59":{"start":{"line":183,"column":29},"end":{"line":183,"column":89}},"60":{"start":{"line":184,"column":8},"end":{"line":184,"column":36}},"61":{"start":{"line":192,"column":8},"end":{"line":196,"column":9}},"62":{"start":{"line":193,"column":12},"end":{"line":195,"column":13}},"63":{"start":{"line":194,"column":16},"end":{"line":194,"column":44}},"64":{"start":{"line":200,"column":8},"end":{"line":207,"column":9}},"65":{"start":{"line":201,"column":30},"end":{"line":201,"column":78}},"66":{"start":{"line":202,"column":33},"end":{"line":202,"column":69}},"67":{"start":{"line":203,"column":30},"end":{"line":203,"column":81}},"68":{"start":{"line":204,"column":12},"end":{"line":204,"column":48}},"69":{"start":{"line":206,"column":12},"end":{"line":206,"column":22}}},"fnMap":{"0":{"name":"(anonymous_0)","decl":{"start":{"line":20,"column":4},"end":{"line":20,"column":5}},"loc":{"start":{"line":20,"column":18},"end":{"line":24,"column":5}},"line":20},"1":{"name":"(anonymous_1)","decl":{"start":{"line":31,"column":4},"end":{"line":31,"column":5}},"loc":{"start":{"line":31,"column":39},"end":{"line":61,"column":5}},"line":31},"2":{"name":"(anonymous_2)","decl":{"start":{"line":33,"column":27},"end":{"line":33,"column":28}},"loc":{"start":{"line":33,"column":60},"end":{"line":60,"column":9}},"line":33},"3":{"name":"(anonymous_3)","decl":{"start":{"line":68,"column":4},"end":{"line":68,"column":5}},"loc":{"start":{"line":68,"column":23},"end":{"line":82,"column":5}},"line":68},"4":{"name":"(anonymous_4)","decl":{"start":{"line":70,"column":27},"end":{"line":70,"column":28}},"loc":{"start":{"line":70,"column":60},"end":{"line":81,"column":9}},"line":70},"5":{"name":"(anonymous_5)","decl":{"start":{"line":74,"column":44},"end":{"line":74,"column":45}},"loc":{"start":{"line":74,"column":67},"end":{"line":76,"column":17}},"line":74},"6":{"name":"(anonymous_6)","decl":{"start":{"line":88,"column":4},"end":{"line":88,"column":5}},"loc":{"start":{"line":88,"column":19},"end":{"line":90,"column":5}},"line":88},"7":{"name":"(anonymous_7)","decl":{"start":{"line":95,"column":4},"end":{"line":95,"column":5}},"loc":{"start":{"line":95,"column":17},"end":{"line":97,"column":5}},"line":95},"8":{"name":"(anonymous_8)","decl":{"start":{"line":102,"column":4},"end":{"line":102,"column":5}},"loc":{"start":{"line":102,"column":20},"end":{"line":108,"column":5}},"line":102},"9":{"name":"(anonymous_9)","decl":{"start":{"line":115,"column":4},"end":{"line":115,"column":5}},"loc":{"start":{"line":115,"column":21},"end":{"line":117,"column":5}},"line":115},"10":{"name":"(anonymous_10)","decl":{"start":{"line":124,"column":4},"end":{"line":124,"column":5}},"loc":{"start":{"line":124,"column":37},"end":{"line":164,"column":5}},"line":124},"11":{"name":"(anonymous_11)","decl":{"start":{"line":135,"column":65},"end":{"line":135,"column":66}},"loc":{"start":{"line":135,"column":76},"end":{"line":137,"column":13}},"line":135},"12":{"name":"(anonymous_12)","decl":{"start":{"line":138,"column":63},"end":{"line":138,"column":64}},"loc":{"start":{"line":138,"column":74},"end":{"line":140,"column":13}},"line":138},"13":{"name":"(anonymous_13)","decl":{"start":{"line":141,"column":61},"end":{"line":141,"column":62}},"loc":{"start":{"line":141,"column":72},"end":{"line":143,"column":13}},"line":141},"14":{"name":"(anonymous_14)","decl":{"start":{"line":145,"column":26},"end":{"line":145,"column":27}},"loc":{"start":{"line":145,"column":37},"end":{"line":150,"column":9}},"line":145},"15":{"name":"(anonymous_15)","decl":{"start":{"line":151,"column":27},"end":{"line":151,"column":28}},"loc":{"start":{"line":151,"column":38},"end":{"line":156,"column":9}},"line":151},"16":{"name":"(anonymous_16)","decl":{"start":{"line":157,"column":25},"end":{"line":157,"column":26}},"loc":{"start":{"line":157,"column":36},"end":{"line":162,"column":9}},"line":157},"17":{"name":"(anonymous_17)","decl":{"start":{"line":169,"column":4},"end":{"line":169,"column":5}},"loc":{"start":{"line":169,"column":41},"end":{"line":177,"column":5}},"line":169},"18":{"name":"(anonymous_18)","decl":{"start":{"line":182,"column":4},"end":{"line":182,"column":5}},"loc":{"start":{"line":182,"column":42},"end":{"line":185,"column":5}},"line":182},"19":{"name":"(anonymous_19)","decl":{"start":{"line":191,"column":4},"end":{"line":191,"column":5}},"loc":{"start":{"line":191,"column":36},"end":{"line":197,"column":5}},"line":191},"20":{"name":"(anonymous_20)","decl":{"start":{"line":199,"column":4},"end":{"line":199,"column":5}},"loc":{"start":{"line":199,"column":29},"end":{"line":208,"column":5}},"line":199}},"branchMap":{"0":{"loc":{"start":{"line":146,"column":12},"end":{"line":149,"column":13}},"type":"if","locations":[{"start":{"line":146,"column":12},"end":{"line":149,"column":13}},{"start":{"line":146,"column":12},"end":{"line":149,"column":13}}],"line":146},"1":{"loc":{"start":{"line":146,"column":16},"end":{"line":147,"column":43}},"type":"binary-expr","locations":[{"start":{"line":146,"column":16},"end":{"line":146,"column":58}},{"start":{"line":147,"column":16},"end":{"line":147,"column":43}}],"line":146},"2":{"loc":{"start":{"line":152,"column":12},"end":{"line":155,"column":13}},"type":"if","locations":[{"start":{"line":152,"column":12},"end":{"line":155,"column":13}},{"start":{"line":152,"column":12},"end":{"line":155,"column":13}}],"line":152},"3":{"loc":{"start":{"line":152,"column":16},"end":{"line":153,"column":42}},"type":"binary-expr","locations":[{"start":{"line":152,"column":16},"end":{"line":152,"column":59}},{"start":{"line":153,"column":16},"end":{"line":153,"column":42}}],"line":152},"4":{"loc":{"start":{"line":158,"column":12},"end":{"line":161,"column":13}},"type":"if","locations":[{"start":{"line":158,"column":12},"end":{"line":161,"column":13}},{"start":{"line":158,"column":12},"end":{"line":161,"column":13}}],"line":158},"5":{"loc":{"start":{"line":158,"column":16},"end":{"line":159,"column":73}},"type":"binary-expr","locations":[{"start":{"line":158,"column":16},"end":{"line":158,"column":57}},{"start":{"line":159,"column":16},"end":{"line":159,"column":42}},{"start":{"line":159,"column":46},"end":{"line":159,"column":73}}],"line":158},"6":{"loc":{"start":{"line":172,"column":12},"end":{"line":174,"column":13}},"type":"if","locations":[{"start":{"line":172,"column":12},"end":{"line":174,"column":13}},{"start":{"line":172,"column":12},"end":{"line":174,"column":13}}],"line":172},"7":{"loc":{"start":{"line":193,"column":12},"end":{"line":195,"column":13}},"type":"if","locations":[{"start":{"line":193,"column":12},"end":{"line":195,"column":13}},{"start":{"line":193,"column":12},"end":{"line":195,"column":13}}],"line":193}},"s":{"0":8,"1":6,"2":6,"3":6,"4":6,"5":6,"6":6,"7":6,"8":6,"9":6,"10":6,"11":6,"12":6,"13":6,"14":6,"15":0,"16":2,"17":2,"18":2,"19":2,"20":2,"21":1,"22":807,"23":1,"24":0,"25":6,"26":6,"27":6,"28":6,"29":10,"30":6,"31":10,"32":6,"33":6,"34":6,"35":6,"36":6,"37":10,"38":10,"39":28,"40":10,"41":42,"42":10,"43":4,"44":6,"45":42,"46":29,"47":6,"48":28,"49":19,"50":6,"51":4,"52":1,"53":6,"54":6,"55":6,"56":20,"57":14,"58":6,"59":6,"60":6,"61":11,"62":11,"63":11,"64":5,"65":5,"66":5,"67":5,"68":4,"69":0},"f":{"0":8,"1":6,"2":6,"3":2,"4":2,"5":807,"6":6,"7":6,"8":6,"9":10,"10":6,"11":28,"12":42,"13":4,"14":42,"15":28,"16":4,"17":6,"18":6,"19":11,"20":5},"b":{"0":[29,13],"1":[42,38],"2":[19,9],"3":[28,28],"4":[1,3],"5":[4,4,2],"6":[14,6],"7":[11,0]},"_coverageSchema":"43e27e138ebf9cfc5966b082cf9a028302ed4184","hash":"5df35e0956b149a69b1d3dc89b4e2b98491aefdd"}
}
