TN:
SF:/Users/Reggie/Documents/github/Pokemate/queryResults/ExpectedResults.js
FNF:0
FNH:0
DA:1,2
LF:1
LH:1
BRF:0
BRH:0
end_of_record
TN:
SF:/Users/Reggie/Documents/github/Pokemate/src/components/EvolutionChain.js
FN:28,(anonymous_0)
FN:39,(anonymous_1)
FN:45,(anonymous_2)
FN:52,(anonymous_3)
FN:66,(anonymous_4)
FN:76,(anonymous_5)
FN:97,(anonymous_6)
FN:113,(anonymous_7)
FN:153,(anonymous_8)
FN:158,(anonymous_9)
FN:175,(anonymous_10)
FN:185,(anonymous_11)
FN:189,(anonymous_12)
FN:205,(anonymous_13)
FN:209,(anonymous_14)
FN:218,(anonymous_15)
FN:226,(anonymous_16)
FN:234,(anonymous_17)
FN:235,(anonymous_18)
FN:245,(anonymous_19)
FN:253,(anonymous_20)
FN:265,(anonymous_21)
FNF:22
FNH:5
FNDA:2,(anonymous_0)
FNDA:0,(anonymous_1)
FNDA:0,(anonymous_2)
FNDA:0,(anonymous_3)
FNDA:2,(anonymous_4)
FNDA:7,(anonymous_5)
FNDA:4,(anonymous_6)
FNDA:7,(anonymous_7)
FNDA:0,(anonymous_8)
FNDA:0,(anonymous_9)
FNDA:0,(anonymous_10)
FNDA:0,(anonymous_11)
FNDA:0,(anonymous_12)
FNDA:0,(anonymous_13)
FNDA:0,(anonymous_14)
FNDA:0,(anonymous_15)
FNDA:0,(anonymous_16)
FNDA:0,(anonymous_17)
FNDA:0,(anonymous_18)
FNDA:0,(anonymous_19)
FNDA:0,(anonymous_20)
FNDA:0,(anonymous_21)
DA:29,2
DA:30,2
DA:40,0
DA:46,0
DA:47,0
DA:53,0
DA:67,2
DA:68,2
DA:69,1
DA:71,0
DA:77,7
DA:78,7
DA:79,7
DA:80,6
DA:81,6
DA:82,2
DA:84,4
DA:85,5
DA:86,3
DA:88,2
DA:91,0
DA:98,4
DA:99,4
DA:100,4
DA:101,68
DA:102,4
DA:103,64
DA:104,4
DA:110,0
DA:114,7
DA:115,6
DA:116,2
DA:124,4
DA:125,4
DA:126,4
DA:154,0
DA:155,0
DA:156,0
DA:158,0
DA:165,0
DA:166,0
DA:167,0
DA:175,0
DA:186,0
DA:190,0
DA:191,0
DA:192,0
DA:194,0
DA:195,0
DA:197,0
DA:199,0
DA:201,0
DA:206,0
DA:207,0
DA:209,0
DA:210,0
DA:213,0
DA:219,0
DA:220,0
DA:222,0
DA:227,0
DA:229,0
DA:230,0
DA:235,0
DA:236,0
DA:238,0
DA:239,0
DA:243,0
DA:246,0
DA:254,0
DA:255,0
DA:264,0
DA:265,0
DA:266,0
DA:267,0
DA:270,0
DA:286,1
LF:77
LH:29
BRDA:34,0,0,0
BRDA:34,0,1,2
BRDA:81,1,0,2
BRDA:81,1,1,4
BRDA:101,2,0,4
BRDA:101,2,1,64
BRDA:103,3,0,4
BRDA:103,3,1,60
BRDA:103,4,0,64
BRDA:103,4,1,12
BRDA:103,4,2,8
BRDA:106,5,0,3
BRDA:106,5,1,1
BRDA:115,6,0,2
BRDA:115,6,1,4
BRDA:155,7,0,0
BRDA:155,7,1,0
BRDA:191,8,0,0
BRDA:191,8,1,0
BRDA:194,9,0,0
BRDA:194,9,1,0
BRDA:206,10,0,0
BRDA:206,10,1,0
BRDA:219,11,0,0
BRDA:219,11,1,0
BRDA:227,12,0,0
BRDA:227,12,1,0
BRDA:238,13,0,0
BRDA:238,13,1,0
BRDA:254,14,0,0
BRDA:254,14,1,0
BRDA:266,15,0,0
BRDA:266,15,1,0
BRF:33
BRH:14
end_of_record
TN:
SF:/Users/Reggie/Documents/github/Pokemate/src/components/PokemonMainList.js
FN:19,(anonymous_0)
FN:34,(anonymous_1)
FN:58,(anonymous_2)
FN:60,(anonymous_3)
FN:73,(anonymous_4)
FN:74,(anonymous_5)
FN:85,(anonymous_6)
FN:90,(anonymous_7)
FN:91,(anonymous_8)
FN:92,(anonymous_9)
FN:94,(anonymous_10)
FN:104,(anonymous_11)
FN:116,(anonymous_12)
FN:123,(anonymous_13)
FN:125,(anonymous_14)
FNF:15
FNH:3
FNDA:1,(anonymous_0)
FNDA:0,(anonymous_1)
FNDA:0,(anonymous_2)
FNDA:0,(anonymous_3)
FNDA:0,(anonymous_4)
FNDA:0,(anonymous_5)
FNDA:1,(anonymous_6)
FNDA:0,(anonymous_7)
FNDA:0,(anonymous_8)
FNDA:0,(anonymous_9)
FNDA:0,(anonymous_10)
FNDA:1,(anonymous_11)
FNDA:0,(anonymous_12)
FNDA:0,(anonymous_13)
FNDA:0,(anonymous_14)
DA:20,1
DA:21,1
DA:35,0
DA:36,0
DA:37,0
DA:38,0
DA:39,0
DA:40,0
DA:41,0
DA:43,0
DA:46,0
DA:47,0
DA:48,0
DA:49,0
DA:53,0
DA:55,0
DA:59,0
DA:60,0
DA:61,0
DA:62,0
DA:63,0
DA:64,0
DA:66,0
DA:70,0
DA:74,0
DA:75,0
DA:76,0
DA:77,0
DA:78,0
DA:80,0
DA:86,1
DA:90,0
DA:91,0
DA:92,0
DA:94,0
DA:105,1
DA:106,0
DA:107,0
DA:117,0
DA:118,0
DA:124,0
DA:125,0
LF:42
LH:4
BRDA:38,0,0,0
BRDA:38,0,1,0
BRDA:61,1,0,0
BRDA:61,1,1,0
BRDA:63,2,0,0
BRDA:63,2,1,0
BRDA:75,3,0,0
BRDA:75,3,1,0
BRDA:77,4,0,0
BRDA:77,4,1,0
BRF:10
BRH:0
end_of_record
TN:
SF:/Users/Reggie/Documents/github/Pokemate/src/components/TouchableAspect.js
FN:16,(anonymous_0)
FN:28,(anonymous_1)
FN:36,(anonymous_2)
FN:44,(anonymous_3)
FN:56,(anonymous_4)
FN:65,(anonymous_5)
FN:68,(anonymous_6)
FNF:7
FNH:4
FNDA:1,(anonymous_0)
FNDA:0,(anonymous_1)
FNDA:0,(anonymous_2)
FNDA:1,(anonymous_3)
FNDA:1,(anonymous_4)
FNDA:1,(anonymous_5)
FNDA:0,(anonymous_6)
DA:17,1
DA:18,1
DA:30,0
DA:37,0
DA:45,1
DA:46,1
DA:48,0
DA:57,1
DA:58,1
DA:60,0
DA:66,1
DA:68,0
LF:12
LH:7
BRDA:45,0,0,1
BRDA:45,0,1,0
BRDA:57,1,0,1
BRDA:57,1,1,0
BRF:4
BRH:2
end_of_record
TN:
SF:/Users/Reggie/Documents/github/Pokemate/src/library/styles.js
FNF:0
FNH:0
DA:3,3
DA:176,3
LF:2
LH:2
BRF:0
BRH:0
end_of_record
TN:
SF:/Users/Reggie/Documents/github/Pokemate/src/library/networking/PokeDataManager.js
FN:9,(anonymous_0)
FN:21,(anonymous_1)
FN:33,(anonymous_2)
FN:35,(anonymous_3)
FN:54,(anonymous_4)
FN:56,(anonymous_5)
FN:66,(anonymous_6)
FN:68,(anonymous_7)
FNF:8
FNH:8
FNDA:3,(anonymous_0)
FNDA:3,(anonymous_1)
FNDA:2,(anonymous_2)
FNDA:2,(anonymous_3)
FNDA:1,(anonymous_4)
FNDA:1,(anonymous_5)
FNDA:7,(anonymous_6)
FNDA:7,(anonymous_7)
DA:10,3
DA:11,3
DA:12,3
DA:22,3
DA:23,0
DA:34,2
DA:35,2
DA:36,2
DA:37,2
DA:38,0
DA:40,2
DA:41,2
DA:42,2
DA:45,0
DA:55,1
DA:56,1
DA:57,1
DA:58,1
DA:59,0
DA:61,0
DA:67,7
DA:68,7
DA:69,7
DA:70,7
DA:71,2
DA:73,5
DA:74,4
DA:77,0
LF:28
LH:22
BRDA:22,0,0,0
BRDA:22,0,1,3
BRDA:37,1,0,0
BRDA:37,1,1,2
BRDA:70,2,0,2
BRDA:70,2,1,5
BRF:6
BRH:4
end_of_record
TN:
SF:/Users/Reggie/Documents/github/Pokemate/src/library/networking/PokeDataProcessor.js
FN:20,(anonymous_0)
FN:31,(anonymous_1)
FN:33,(anonymous_2)
FN:68,(anonymous_3)
FN:70,(anonymous_4)
FN:74,(anonymous_5)
FN:88,(anonymous_6)
FN:95,(anonymous_7)
FN:102,(anonymous_8)
FN:115,(anonymous_9)
FN:124,(anonymous_10)
FN:135,(anonymous_11)
FN:138,(anonymous_12)
FN:141,(anonymous_13)
FN:145,(anonymous_14)
FN:151,(anonymous_15)
FN:157,(anonymous_16)
FN:169,(anonymous_17)
FN:182,(anonymous_18)
FN:191,(anonymous_19)
FN:199,(anonymous_20)
FNF:21
FNH:21
FNDA:8,(anonymous_0)
FNDA:6,(anonymous_1)
FNDA:6,(anonymous_2)
FNDA:2,(anonymous_3)
FNDA:2,(anonymous_4)
FNDA:807,(anonymous_5)
FNDA:6,(anonymous_6)
FNDA:6,(anonymous_7)
FNDA:6,(anonymous_8)
FNDA:10,(anonymous_9)
FNDA:6,(anonymous_10)
FNDA:28,(anonymous_11)
FNDA:42,(anonymous_12)
FNDA:4,(anonymous_13)
FNDA:42,(anonymous_14)
FNDA:28,(anonymous_15)
FNDA:4,(anonymous_16)
FNDA:6,(anonymous_17)
FNDA:6,(anonymous_18)
FNDA:11,(anonymous_19)
FNDA:5,(anonymous_20)
DA:21,8
DA:32,6
DA:33,6
DA:34,6
DA:35,6
DA:36,6
DA:37,6
DA:38,6
DA:39,6
DA:40,6
DA:41,6
DA:42,6
DA:43,6
DA:44,6
DA:46,6
DA:58,0
DA:69,2
DA:70,2
DA:71,2
DA:72,2
DA:73,2
DA:74,1
DA:75,807
DA:77,1
DA:79,0
DA:89,6
DA:96,6
DA:103,6
DA:104,6
DA:105,10
DA:107,6
DA:116,10
DA:125,6
DA:130,6
DA:131,6
DA:132,6
DA:133,6
DA:134,10
DA:135,10
DA:136,28
DA:138,10
DA:139,42
DA:141,10
DA:142,4
DA:145,6
DA:146,42
DA:148,29
DA:151,6
DA:152,28
DA:154,19
DA:157,6
DA:158,4
DA:160,1
DA:163,6
DA:170,6
DA:171,6
DA:172,20
DA:173,14
DA:176,6
DA:183,6
DA:184,6
DA:192,11
DA:193,11
DA:194,11
DA:200,5
DA:201,5
DA:202,5
DA:203,5
DA:204,4
DA:206,0
LF:70
LH:67
BRDA:146,0,0,29
BRDA:146,0,1,13
BRDA:146,1,0,42
BRDA:146,1,1,38
BRDA:152,2,0,19
BRDA:152,2,1,9
BRDA:152,3,0,28
BRDA:152,3,1,28
BRDA:158,4,0,1
BRDA:158,4,1,3
BRDA:158,5,0,4
BRDA:158,5,1,4
BRDA:158,5,2,2
BRDA:172,6,0,14
BRDA:172,6,1,6
BRDA:193,7,0,11
BRDA:193,7,1,0
BRF:17
BRH:16
end_of_record
